[0530/153454.262:ERROR:process_reader_win.cc(123)] NtOpenThread: {Access Denied} A process has requested access to an object, but has not been granted those access rights. (0xc0000022)
[0530/153454.263:ERROR:exception_snapshot_win.cc(98)] thread ID 25732 not found in process
[0530/153454.288:ERROR:process_reader_win.cc(123)] NtOpenThread: {Access Denied} A process has requested access to an object, but has not been granted those access rights. (0xc0000022)
[0530/153454.288:ERROR:exception_snapshot_win.cc(98)] thread ID 23192 not found in process
[0602/204813.298:ERROR:process_reader_win.cc(123)] NtOpenThread: {Access Denied} A process has requested access to an object, but has not been granted those access rights. (0xc0000022)
[0602/204813.299:ERROR:process_reader_win.cc(123)] NtOpenThread: {Access Denied} A process has requested access to an object, but has not been granted those access rights. (0xc0000022)
[0602/204813.302:ERROR:exception_snapshot_win.cc(98)] thread ID 11656 not found in process
[0602/204813.303:ERROR:exception_snapshot_win.cc(98)] thread ID 36536 not found in process
[0602/204815.487:ERROR:process_reader_win.cc(123)] NtOpenThread: {Access Denied} A process has requested access to an object, but has not been granted those access rights. (0xc0000022)
[0602/204815.488:ERROR:exception_snapshot_win.cc(98)] thread ID 11780 not found in process
[0602/210319.927:ERROR:process_reader_win.cc(151)] SuspendThread: Access is denied. (0x5)
[0602/210319.928:ERROR:process_reader_win.cc(123)] NtOpenThread: {Access Denied} A process has requested access to an object, but has not been granted those access rights. (0xc0000022)
[0602/210319.929:ERROR:exception_snapshot_win.cc(98)] thread ID 31340 not found in process
[0602/210319.936:ERROR:process_reader_win.cc(151)] SuspendThread: Access is denied. (0x5)
[0602/210319.936:ERROR:process_reader_win.cc(123)] NtOpenThread: {Access Denied} A process has requested access to an object, but has not been granted those access rights. (0xc0000022)
[0602/210319.936:ERROR:exception_snapshot_win.cc(98)] thread ID 13560 not found in process
[0602/210319.943:ERROR:process_reader_win.cc(151)] SuspendThread: Access is denied. (0x5)
[0602/210319.943:ERROR:process_reader_win.cc(151)] SuspendThread: Access is denied. (0x5)
[0602/210319.943:ERROR:process_reader_win.cc(123)] NtOpenThread: {Access Denied} A process has requested access to an object, but has not been granted those access rights. (0xc0000022)
[0602/210319.950:ERROR:exception_snapshot_win.cc(98)] thread ID 17064 not found in process
[0602/210320.136:ERROR:process_reader_win.cc(151)] SuspendThread: Access is denied. (0x5)
[0602/210320.148:ERROR:process_memory_win.cc(73)] ReadMemory at 0x1e129960000 of 64 bytes failed: Only part of a ReadProcessMemory or WriteProcessMemory request was completed. (0x12B)
[0602/210320.148:WARNING:pe_image_reader.cc(340)] could not read dos header from C:\WINDOWS\System32\IMM32.DLL
[0602/210320.148:ERROR:process_memory_win.cc(73)] ReadMemory at 0x1e1299038b0 of 72 bytes failed: Only part of a ReadProcessMemory or WriteProcessMemory request was completed. (0x12B)
[0602/210320.148:WARNING:pe_image_annotations_reader.cc(134)] could not read annotations list object in C:\Program Files (x86)\Google\Chrome\Application\83.0.4103.61\chrome_elf.dll
[0602/210320.149:ERROR:process_memory_win.cc(73)] ReadMemory at 0x1e129d26cb0 of 72 bytes failed: Only part of a ReadProcessMemory or WriteProcessMemory request was completed. (0x12B)
[0602/210320.149:WARNING:pe_image_annotations_reader.cc(134)] could not read annotations list object in C:\Program Files (x86)\Google\Chrome\Application\83.0.4103.61\chrome.dll
[0602/210320.151:ERROR:process_memory_win.cc(73)] ReadMemory at 0x1e129960000 of 64 bytes failed: Only part of a ReadProcessMemory or WriteProcessMemory request was completed. (0x12B)
[0602/210320.151:WARNING:pe_image_reader.cc(340)] could not read dos header from C:\WINDOWS\System32\IMM32.DLL
[0602/210320.151:ERROR:process_memory_win.cc(73)] ReadMemory at 0x1e129960000 of 64 bytes failed: Only part of a ReadProcessMemory or WriteProcessMemory request was completed. (0x12B)
[0602/210320.151:WARNING:pe_image_reader.cc(340)] could not read dos header from C:\WINDOWS\System32\IMM32.DLL
[0602/210320.219:ERROR:process_memory_win.cc(73)] ReadMemory at 0x7ff71f790000 of 64 bytes failed: Only part of a ReadProcessMemory or WriteProcessMemory request was completed. (0x12B)
[0602/210320.219:WARNING:pe_image_reader.cc(340)] could not read dos header from C:\Program Files (x86)\Google\Chrome\Application\chrome.exe
[0602/210320.219:ERROR:process_memory_win.cc(73)] ReadMemory at 0x7fffb7420000 of 64 bytes failed: Only part of a ReadProcessMemory or WriteProcessMemory request was completed. (0x12B)
[0602/210320.219:WARNING:pe_image_reader.cc(340)] could not read dos header from C:\WINDOWS\SYSTEM32\ntdll.dll
[0602/210320.219:ERROR:process_memory_win.cc(73)] ReadMemory at 0x7fffb6d90000 of 64 bytes failed: Only part of a ReadProcessMemory or WriteProcessMemory request was completed. (0x12B)
[0602/210320.219:WARNING:pe_image_reader.cc(340)] could not read dos header from C:\WINDOWS\System32\KERNEL32.DLL
[0602/210320.219:ERROR:process_memory_win.cc(73)] ReadMemory at 0x7fffb43b0000 of 64 bytes failed: Only part of a ReadProcessMemory or WriteProcessMemory request was completed. (0x12B)
[0602/210320.219:WARNING:pe_image_reader.cc(340)] could not read dos header from C:\WINDOWS\System32\KERNELBASE.dll
[0602/210320.219:ERROR:process_memory_win.cc(73)] ReadMemory at 0x7fff955e0000 of 64 bytes failed: Only part of a ReadProcessMemory or WriteProcessMemory request was completed. (0x12B)
[0602/210320.220:WARNING:pe_image_reader.cc(340)] could not read dos header from C:\Program Files (x86)\Google\Chrome\Application\83.0.4103.61\chrome_elf.dll
[0602/210320.220:ERROR:process_memory_win.cc(73)] ReadMemory at 0x7fffa6b30000 of 64 bytes failed: Only part of a ReadProcessMemory or WriteProcessMemory request was completed. (0x12B)
[0602/210320.220:WARNING:pe_image_reader.cc(340)] could not read dos header from C:\WINDOWS\SYSTEM32\VERSION.dll
[0602/210320.220:ERROR:process_memory_win.cc(73)] ReadMemory at 0x7fffb6280000 of 64 bytes failed: Only part of a ReadProcessMemory or WriteProcessMemory request was completed. (0x12B)
[0602/210320.220:WARNING:pe_image_reader.cc(340)] could not read dos header from C:\WINDOWS\System32\msvcrt.dll
[0602/210320.220:ERROR:process_memory_win.cc(73)] ReadMemory at 0x7fffb4eb0000 of 64 bytes failed: Only part of a ReadProcessMemory or WriteProcessMemory request was completed. (0x12B)
[0602/210320.220:WARNING:pe_image_reader.cc(340)] could not read dos header from C:\WINDOWS\System32\bcryptPrimitives.dll
[0602/210320.220:ERROR:process_memory_win.cc(73)] ReadMemory at 0x7fffb72d0000 of 64 bytes failed: Only part of a ReadProcessMemory or WriteProcessMemory request was completed. (0x12B)
[0602/210320.220:WARNING:pe_image_reader.cc(340)] could not read dos header from C:\WINDOWS\System32\ADVAPI32.dll
[0602/210320.220:ERROR:process_memory_win.cc(73)] ReadMemory at 0x7fffb6b40000 of 64 bytes failed: Only part of a ReadProcessMemory or WriteProcessMemory request was completed. (0x12B)
[0602/210320.220:WARNING:pe_image_reader.cc(340)] could not read dos header from C:\WINDOWS\System32\sechost.dll
[0602/210320.220:ERROR:process_memory_win.cc(73)] ReadMemory at 0x7fffb6160000 of 64 bytes failed: Only part of a ReadProcessMemory or WriteProcessMemory request was completed. (0x12B)
[0602/210320.220:WARNING:pe_image_reader.cc(340)] could not read dos header from C:\WINDOWS\System32\RPCRT4.dll
[0602/210320.220:ERROR:process_memory_win.cc(73)] ReadMemory at 0x7fff2c390000 of 64 bytes failed: Only part of a ReadProcessMemory or WriteProcessMemory request was completed. (0x12B)
[0602/210320.220:WARNING:pe_image_reader.cc(340)] could not read dos header from C:\Program Files (x86)\Google\Chrome\Application\83.0.4103.61\chrome.dll
[0602/210320.220:ERROR:process_memory_win.cc(73)] ReadMemory at 0x7fffb5900000 of 64 bytes failed: Only part of a ReadProcessMemory or WriteProcessMemory request was completed. (0x12B)
[0602/210320.220:WARNING:pe_image_reader.cc(340)] could not read dos header from C:\WINDOWS\System32\WS2_32.dll
[0602/210320.220:ERROR:process_memory_win.cc(73)] ReadMemory at 0x7fffb5510000 of 64 bytes failed: Only part of a ReadProcessMemory or WriteProcessMemory request was completed. (0x12B)
[0602/210320.220:WARNING:pe_image_reader.cc(340)] could not read dos header from C:\WINDOWS\System32\OLEAUT32.dll
[0602/210320.220:ERROR:process_memory_win.cc(73)] ReadMemory at 0x7fffb4e10000 of 64 bytes failed: Only part of a ReadProcessMemory or WriteProcessMemory request was completed. (0x12B)
[0602/210320.220:WARNING:pe_image_reader.cc(340)] could not read dos header from C:\WINDOWS\System32\msvcp_win.dll
[0602/210320.220:ERROR:process_memory_win.cc(73)] ReadMemory at 0x7fffb5320000 of 64 bytes failed: Only part of a ReadProcessMemory or WriteProcessMemory request was completed. (0x12B)
[0602/210320.220:WARNING:pe_image_reader.cc(340)] could not read dos header from C:\WINDOWS\System32\ucrtbase.dll
[0602/210320.220:ERROR:process_memory_win.cc(73)] ReadMemory at 0x7fffb59d0000 of 64 bytes failed: Only part of a ReadProcessMemory or WriteProcessMemory request was completed. (0x12B)
[0602/210320.220:WARNING:pe_image_reader.cc(340)] could not read dos header from C:\WINDOWS\System32\combase.dll
[0602/210320.220:ERROR:process_memory_win.cc(73)] ReadMemory at 0x7fffb5470000 of 64 bytes failed: Only part of a ReadProcessMemory or WriteProcessMemory request was completed. (0x12B)
[0602/210320.220:WARNING:pe_image_reader.cc(340)] could not read dos header from C:\WINDOWS\System32\WINTRUST.dll
[0602/210320.220:ERROR:process_memory_win.cc(73)] ReadMemory at 0x7fffb4360000 of 64 bytes failed: Only part of a ReadProcessMemory or WriteProcessMemory request was completed. (0x12B)
[0602/210320.220:WARNING:pe_image_reader.cc(340)] could not read dos header from C:\WINDOWS\System32\MSASN1.dll
[0602/210320.220:ERROR:process_memory_win.cc(73)] ReadMemory at 0x7fffb4f50000 of 64 bytes failed: Only part of a ReadProcessMemory or WriteProcessMemory request was completed. (0x12B)
[0602/210320.220:WARNING:pe_image_reader.cc(340)] could not read dos header from C:\WINDOWS\System32\CRYPT32.dll
[0602/210320.220:ERROR:process_memory_win.cc(73)] ReadMemory at 0x7fffb3860000 of 64 bytes failed: Only part of a ReadProcessMemory or WriteProcessMemory request was completed. (0x12B)
[0602/210320.220:WARNING:pe_image_reader.cc(340)] could not read dos header from C:\WINDOWS\SYSTEM32\IPHLPAPI.DLL
[0602/210320.220:ERROR:process_memory_win.cc(73)] ReadMemory at 0x7fffb1b10000 of 64 bytes failed: Only part of a ReadProcessMemory or WriteProcessMemory request was completed. (0x12B)
[0602/210320.220:WARNING:pe_image_reader.cc(340)] could not read dos header from C:\WINDOWS\SYSTEM32\WINMM.dll
[0602/210320.220:ERROR:process_memory_win.cc(73)] ReadMemory at 0x7fffa2450000 of 64 bytes failed: Only part of a ReadProcessMemory or WriteProcessMemory request was completed. (0x12B)
[0602/210320.221:WARNING:pe_image_reader.cc(340)] could not read dos header from C:\WINDOWS\SYSTEM32\Secur32.dll
[0602/210320.221:ERROR:process_memory_win.cc(73)] ReadMemory at 0x7fffb41d0000 of 64 bytes failed: Only part of a ReadProcessMemory or WriteProcessMemory request was completed. (0x12B)
[0602/210320.221:WARNING:pe_image_reader.cc(340)] could not read dos header from C:\WINDOWS\SYSTEM32\USERENV.dll
[0602/210320.221:ERROR:process_memory_win.cc(73)] ReadMemory at 0x7fffb4380000 of 64 bytes failed: Only part of a ReadProcessMemory or WriteProcessMemory request was completed. (0x12B)
[0602/210320.221:WARNING:pe_image_reader.cc(340)] could not read dos header from C:\WINDOWS\System32\profapi.dll
[0602/210320.221:ERROR:process_memory_win.cc(73)] ReadMemory at 0x7fff89060000 of 64 bytes failed: Only part of a ReadProcessMemory or WriteProcessMemory request was completed. (0x12B)
[0602/210320.221:WARNING:pe_image_reader.cc(340)] could not read dos header from C:\WINDOWS\SYSTEM32\UIAutomationCore.DLL
[0602/210320.221:ERROR:process_memory_win.cc(73)] ReadMemory at 0x7fffa4100000 of 64 bytes failed: Only part of a ReadProcessMemory or WriteProcessMemory request was completed. (0x12B)
[0602/210320.221:WARNING:pe_image_reader.cc(340)] could not read dos header from C:\WINDOWS\SYSTEM32\DWrite.dll
[0602/210320.221:ERROR:process_memory_win.cc(73)] ReadMemory at 0x7fffa69e0000 of 64 bytes failed: Only part of a ReadProcessMemory or WriteProcessMemory request was completed. (0x12B)
[0602/210320.221:WARNING:pe_image_reader.cc(340)] could not read dos header from C:\WINDOWS\SYSTEM32\WINSPOOL.DRV
[0602/210320.221:ERROR:process_memory_win.cc(73)] ReadMemory at 0x7fffb42f0000 of 64 bytes failed: Only part of a ReadProcessMemory or WriteProcessMemory request was completed. (0x12B)
[0602/210320.221:WARNING:pe_image_reader.cc(340)] could not read dos header from C:\WINDOWS\System32\kernel.appcore.dll
[0602/210320.221:ERROR:process_memory_win.cc(73)] ReadMemory at 0x7fffb4660000 of 64 bytes failed: Only part of a ReadProcessMemory or WriteProcessMemory request was completed. (0x12B)
[0602/210320.221:WARNING:pe_image_reader.cc(340)] could not read dos header from C:\WINDOWS\System32\bcrypt.dll
[0602/210320.221:ERROR:process_memory_win.cc(73)] ReadMemory at 0x7fff9c680000 of 64 bytes failed: Only part of a ReadProcessMemory or WriteProcessMemory request was completed. (0x12B)
[0602/210320.221:WARNING:pe_image_reader.cc(340)] could not read dos header from C:\WINDOWS\SYSTEM32\dbghelp.dll
[0602/210320.221:ERROR:process_memory_win.cc(73)] ReadMemory at 0x7fffa33a0000 of 64 bytes failed: Only part of a ReadProcessMemory or WriteProcessMemory request was completed. (0x12B)
[0602/210320.221:WARNING:pe_image_reader.cc(340)] could not read dos header from C:\WINDOWS\SYSTEM32\WINHTTP.dll
[0602/210320.221:ERROR:process_memory_win.cc(73)] ReadMemory at 0x7fffab280000 of 64 bytes failed: Only part of a ReadProcessMemory or WriteProcessMemory request was completed. (0x12B)
[0602/210320.221:WARNING:pe_image_reader.cc(340)] could not read dos header from C:\WINDOWS\SYSTEM32\dhcpcsvc.DLL
[0602/210320.221:ERROR:process_memory_win.cc(73)] ReadMemory at 0x7fffb54d0000 of 64 bytes failed: Only part of a ReadProcessMemory or WriteProcessMemory request was completed. (0x12B)
[0602/210320.221:WARNING:pe_image_reader.cc(340)] could not read dos header from C:\WINDOWS\System32\NSI.dll
[0602/210320.221:ERROR:process_memory_win.cc(73)] ReadMemory at 0x7fffb1900000 of 64 bytes failed: Only part of a ReadProcessMemory or WriteProcessMemory request was completed. (0x12B)
[0602/210320.221:WARNING:pe_image_reader.cc(340)] could not read dos header from C:\WINDOWS\SYSTEM32\WINMMBASE.dll
[0602/210320.221:ERROR:process_memory_win.cc(73)] ReadMemory at 0x7fffb5420000 of 64 bytes failed: Only part of a ReadProcessMemory or WriteProcessMemory request was completed. (0x12B)
[0602/210320.221:WARNING:pe_image_reader.cc(340)] could not read dos header from C:\WINDOWS\System32\cfgmgr32.dll
[0602/210320.221:ERROR:process_memory_win.cc(73)] ReadMemory at 0x7fffb09c0000 of 64 bytes failed: Only part of a ReadProcessMemory or WriteProcessMemory request was completed. (0x12B)
[0602/210320.221:WARNING:pe_image_reader.cc(340)] could not read dos header from C:\WINDOWS\SYSTEM32\PROPSYS.dll
[0602/210320.221:ERROR:process_memory_win.cc(73)] ReadMemory at 0x7fffb55e0000 of 64 bytes failed: Only part of a ReadProcessMemory or WriteProcessMemory request was completed. (0x12B)
[0602/210320.221:WARNING:pe_image_reader.cc(340)] could not read dos header from C:\WINDOWS\System32\shcore.dll
[0602/210320.221:ERROR:process_memory_win.cc(73)] ReadMemory at 0x7fffb4200000 of 64 bytes failed: Only part of a ReadProcessMemory or WriteProcessMemory request was completed. (0x12B)
[0602/210320.221:WARNING:pe_image_reader.cc(340)] could not read dos header from C:\WINDOWS\SYSTEM32\SSPICLI.DLL
[0602/210320.221:ERROR:process_memory_win.cc(73)] ReadMemory at 0x7fffb6450000 of 64 bytes failed: Only part of a ReadProcessMemory or WriteProcessMemory request was completed. (0x12B)
[0602/210320.221:WARNING:pe_image_reader.cc(340)] could not read dos header from C:\WINDOWS\System32\SHELL32.dll
[0602/210320.221:ERROR:process_memory_win.cc(73)] ReadMemory at 0x7fffb4690000 of 64 bytes failed: Only part of a ReadProcessMemory or WriteProcessMemory request was completed. (0x12B)
[0602/210320.221:WARNING:pe_image_reader.cc(340)] could not read dos header from C:\WINDOWS\System32\windows.storage.dll
[0602/210320.221:ERROR:process_memory_win.cc(73)] ReadMemory at 0x7fffb4310000 of 64 bytes failed: Only part of a ReadProcessMemory or WriteProcessMemory request was completed. (0x12B)
[0602/210320.221:WARNING:pe_image_reader.cc(340)] could not read dos header from C:\WINDOWS\System32\powrprof.dll
[0602/210320.221:ERROR:process_memory_win.cc(73)] ReadMemory at 0x7fffb42e0000 of 64 bytes failed: Only part of a ReadProcessMemory or WriteProcessMemory request was completed. (0x12B)
[0602/210320.222:WARNING:pe_image_reader.cc(340)] could not read dos header from C:\WINDOWS\System32\UMPDC.dll
[0602/210320.222:ERROR:process_memory_win.cc(73)] ReadMemory at 0x7fffb7380000 of 64 bytes failed: Only part of a ReadProcessMemory or WriteProcessMemory request was completed. (0x12B)
[0602/210320.222:WARNING:pe_image_reader.cc(340)] could not read dos header from C:\WINDOWS\System32\shlwapi.dll
[0602/210320.222:ERROR:process_memory_win.cc(73)] ReadMemory at 0x7fffb54e0000 of 64 bytes failed: Only part of a ReadProcessMemory or WriteProcessMemory request was completed. (0x12B)
[0602/210320.222:WARNING:pe_image_reader.cc(340)] could not read dos header from C:\WINDOWS\System32\GDI32.dll
[0602/210320.222:ERROR:process_memory_win.cc(73)] ReadMemory at 0x7fffb50a0000 of 64 bytes failed: Only part of a ReadProcessMemory or WriteProcessMemory request was completed. (0x12B)
[0602/210320.222:WARNING:pe_image_reader.cc(340)] could not read dos header from C:\WINDOWS\System32\win32u.dll
[0602/210320.222:ERROR:process_memory_win.cc(73)] ReadMemory at 0x7fffb50d0000 of 64 bytes failed: Only part of a ReadProcessMemory or WriteProcessMemory request was completed. (0x12B)
[0602/210320.222:WARNING:pe_image_reader.cc(340)] could not read dos header from C:\WINDOWS\System32\gdi32full.dll
[0602/210320.222:ERROR:process_memory_win.cc(73)] ReadMemory at 0x7fffb5ed0000 of 64 bytes failed: Only part of a ReadProcessMemory or WriteProcessMemory request was completed. (0x12B)
[0602/210320.222:WARNING:pe_image_reader.cc(340)] could not read dos header from C:\WINDOWS\System32\USER32.dll
[0602/210320.222:ERROR:process_memory_win.cc(73)] ReadMemory at 0x7fffb4f30000 of 64 bytes failed: Only part of a ReadProcessMemory or WriteProcessMemory request was completed. (0x12B)
[0602/210320.222:WARNING:pe_image_reader.cc(340)] could not read dos header from C:\WINDOWS\System32\cryptsp.dll
[0602/210320.222:ERROR:process_memory_win.cc(73)] ReadMemory at 0x1e129960000 of 64 bytes failed: Only part of a ReadProcessMemory or WriteProcessMemory request was completed. (0x12B)
[0602/210320.222:WARNING:pe_image_reader.cc(340)] could not read dos header from C:\WINDOWS\System32\IMM32.DLL
[0602/210320.222:ERROR:process_memory_win.cc(73)] ReadMemory at 0x7fffb3d20000 of 64 bytes failed: Only part of a ReadProcessMemory or WriteProcessMemory request was completed. (0x12B)
[0602/210320.222:WARNING:pe_image_reader.cc(340)] could not read dos header from C:\WINDOWS\SYSTEM32\CRYPTBASE.DLL
[0602/210320.232:ERROR:process_memory_win.cc(73)] ReadMemory at 0x7ff71f790000 of 64 bytes failed: Only part of a ReadProcessMemory or WriteProcessMemory request was completed. (0x12B)
[0602/210320.232:WARNING:pe_image_reader.cc(340)] could not read dos header from C:\Program Files (x86)\Google\Chrome\Application\chrome.exe
[0602/210320.232:ERROR:process_memory_win.cc(73)] ReadMemory at 0x7fffb7420000 of 64 bytes failed: Only part of a ReadProcessMemory or WriteProcessMemory request was completed. (0x12B)
[0602/210320.232:WARNING:pe_image_reader.cc(340)] could not read dos header from C:\WINDOWS\SYSTEM32\ntdll.dll
[0602/210320.232:ERROR:process_memory_win.cc(73)] ReadMemory at 0x7fffb6d90000 of 64 bytes failed: Only part of a ReadProcessMemory or WriteProcessMemory request was completed. (0x12B)
[0602/210320.232:WARNING:pe_image_reader.cc(340)] could not read dos header from C:\WINDOWS\System32\KERNEL32.DLL
[0602/210320.232:ERROR:process_memory_win.cc(73)] ReadMemory at 0x7fffb43b0000 of 64 bytes failed: Only part of a ReadProcessMemory or WriteProcessMemory request was completed. (0x12B)
[0602/210320.232:WARNING:pe_image_reader.cc(340)] could not read dos header from C:\WINDOWS\System32\KERNELBASE.dll
[0602/210320.232:ERROR:process_memory_win.cc(73)] ReadMemory at 0x7fff955e0000 of 64 bytes failed: Only part of a ReadProcessMemory or WriteProcessMemory request was completed. (0x12B)
[0602/210320.232:WARNING:pe_image_reader.cc(340)] could not read dos header from C:\Program Files (x86)\Google\Chrome\Application\83.0.4103.61\chrome_elf.dll
[0602/210320.232:ERROR:process_memory_win.cc(73)] ReadMemory at 0x7fffa6b30000 of 64 bytes failed: Only part of a ReadProcessMemory or WriteProcessMemory request was completed. (0x12B)
[0602/210320.232:WARNING:pe_image_reader.cc(340)] could not read dos header from C:\WINDOWS\SYSTEM32\VERSION.dll
[0602/210320.232:ERROR:process_memory_win.cc(73)] ReadMemory at 0x7fffb6280000 of 64 bytes failed: Only part of a ReadProcessMemory or WriteProcessMemory request was completed. (0x12B)
[0602/210320.232:WARNING:pe_image_reader.cc(340)] could not read dos header from C:\WINDOWS\System32\msvcrt.dll
[0602/210320.232:ERROR:process_memory_win.cc(73)] ReadMemory at 0x7fffb4eb0000 of 64 bytes failed: Only part of a ReadProcessMemory or WriteProcessMemory request was completed. (0x12B)
[0602/210320.232:WARNING:pe_image_reader.cc(340)] could not read dos header from C:\WINDOWS\System32\bcryptPrimitives.dll
[0602/210320.232:ERROR:process_memory_win.cc(73)] ReadMemory at 0x7fffb72d0000 of 64 bytes failed: Only part of a ReadProcessMemory or WriteProcessMemory request was completed. (0x12B)
[0602/210320.232:WARNING:pe_image_reader.cc(340)] could not read dos header from C:\WINDOWS\System32\ADVAPI32.dll
[0602/210320.232:ERROR:process_memory_win.cc(73)] ReadMemory at 0x7fffb6b40000 of 64 bytes failed: Only part of a ReadProcessMemory or WriteProcessMemory request was completed. (0x12B)
[0602/210320.232:WARNING:pe_image_reader.cc(340)] could not read dos header from C:\WINDOWS\System32\sechost.dll
[0602/210320.233:ERROR:process_memory_win.cc(73)] ReadMemory at 0x7fffb6160000 of 64 bytes failed: Only part of a ReadProcessMemory or WriteProcessMemory request was completed. (0x12B)
[0602/210320.233:WARNING:pe_image_reader.cc(340)] could not read dos header from C:\WINDOWS\System32\RPCRT4.dll
[0602/210320.233:ERROR:process_memory_win.cc(73)] ReadMemory at 0x7fff2c390000 of 64 bytes failed: Only part of a ReadProcessMemory or WriteProcessMemory request was completed. (0x12B)
[0602/210320.233:WARNING:pe_image_reader.cc(340)] could not read dos header from C:\Program Files (x86)\Google\Chrome\Application\83.0.4103.61\chrome.dll
[0602/210320.233:ERROR:process_memory_win.cc(73)] ReadMemory at 0x7fffb5900000 of 64 bytes failed: Only part of a ReadProcessMemory or WriteProcessMemory request was completed. (0x12B)
[0602/210320.233:WARNING:pe_image_reader.cc(340)] could not read dos header from C:\WINDOWS\System32\WS2_32.dll
[0602/210320.233:ERROR:process_memory_win.cc(73)] ReadMemory at 0x7fffb5510000 of 64 bytes failed: Only part of a ReadProcessMemory or WriteProcessMemory request was completed. (0x12B)
[0602/210320.233:WARNING:pe_image_reader.cc(340)] could not read dos header from C:\WINDOWS\System32\OLEAUT32.dll
[0602/210320.233:ERROR:process_memory_win.cc(73)] ReadMemory at 0x7fffb4e10000 of 64 bytes failed: Only part of a ReadProcessMemory or WriteProcessMemory request was completed. (0x12B)
[0602/210320.233:WARNING:pe_image_reader.cc(340)] could not read dos header from C:\WINDOWS\System32\msvcp_win.dll
[0602/210320.233:ERROR:process_memory_win.cc(73)] ReadMemory at 0x7fffb5320000 of 64 bytes failed: Only part of a ReadProcessMemory or WriteProcessMemory request was completed. (0x12B)
[0602/210320.233:WARNING:pe_image_reader.cc(340)] could not read dos header from C:\WINDOWS\System32\ucrtbase.dll
[0602/210320.233:ERROR:process_memory_win.cc(73)] ReadMemory at 0x7fffb59d0000 of 64 bytes failed: Only part of a ReadProcessMemory or WriteProcessMemory request was completed. (0x12B)
[0602/210320.233:WARNING:pe_image_reader.cc(340)] could not read dos header from C:\WINDOWS\System32\combase.dll
[0602/210320.233:ERROR:process_memory_win.cc(73)] ReadMemory at 0x7fffb5470000 of 64 bytes failed: Only part of a ReadProcessMemory or WriteProcessMemory request was completed. (0x12B)
[0602/210320.233:WARNING:pe_image_reader.cc(340)] could not read dos header from C:\WINDOWS\System32\WINTRUST.dll
[0602/210320.233:ERROR:process_memory_win.cc(73)] ReadMemory at 0x7fffb4360000 of 64 bytes failed: Only part of a ReadProcessMemory or WriteProcessMemory request was completed. (0x12B)
[0602/210320.233:WARNING:pe_image_reader.cc(340)] could not read dos header from C:\WINDOWS\System32\MSASN1.dll
[0602/210320.233:ERROR:process_memory_win.cc(73)] ReadMemory at 0x7fffb4f50000 of 64 bytes failed: Only part of a ReadProcessMemory or WriteProcessMemory request was completed. (0x12B)
[0602/210320.233:WARNING:pe_image_reader.cc(340)] could not read dos header from C:\WINDOWS\System32\CRYPT32.dll
[0602/210320.233:ERROR:process_memory_win.cc(73)] ReadMemory at 0x7fffb3860000 of 64 bytes failed: Only part of a ReadProcessMemory or WriteProcessMemory request was completed. (0x12B)
[0602/210320.233:WARNING:pe_image_reader.cc(340)] could not read dos header from C:\WINDOWS\SYSTEM32\IPHLPAPI.DLL
[0602/210320.233:ERROR:process_memory_win.cc(73)] ReadMemory at 0x7fffb1b10000 of 64 bytes failed: Only part of a ReadProcessMemory or WriteProcessMemory request was completed. (0x12B)
[0602/210320.233:WARNING:pe_image_reader.cc(340)] could not read dos header from C:\WINDOWS\SYSTEM32\WINMM.dll
[0602/210320.233:ERROR:process_memory_win.cc(73)] ReadMemory at 0x7fffa2450000 of 64 bytes failed: Only part of a ReadProcessMemory or WriteProcessMemory request was completed. (0x12B)
[0602/210320.233:WARNING:pe_image_reader.cc(340)] could not read dos header from C:\WINDOWS\SYSTEM32\Secur32.dll
[0602/210320.233:ERROR:process_memory_win.cc(73)] ReadMemory at 0x7fffb41d0000 of 64 bytes failed: Only part of a ReadProcessMemory or WriteProcessMemory request was completed. (0x12B)
[0602/210320.233:WARNING:pe_image_reader.cc(340)] could not read dos header from C:\WINDOWS\SYSTEM32\USERENV.dll
[0602/210320.233:ERROR:process_memory_win.cc(73)] ReadMemory at 0x7fffb4380000 of 64 bytes failed: Only part of a ReadProcessMemory or WriteProcessMemory request was completed. (0x12B)
[0602/210320.233:WARNING:pe_image_reader.cc(340)] could not read dos header from C:\WINDOWS\System32\profapi.dll
[0602/210320.233:ERROR:process_memory_win.cc(73)] ReadMemory at 0x7fff89060000 of 64 bytes failed: Only part of a ReadProcessMemory or WriteProcessMemory request was completed. (0x12B)
[0602/210320.233:WARNING:pe_image_reader.cc(340)] could not read dos header from C:\WINDOWS\SYSTEM32\UIAutomationCore.DLL
[0602/210320.234:ERROR:process_memory_win.cc(73)] ReadMemory at 0x7fffa4100000 of 64 bytes failed: Only part of a ReadProcessMemory or WriteProcessMemory request was completed. (0x12B)
[0602/210320.234:WARNING:pe_image_reader.cc(340)] could not read dos header from C:\WINDOWS\SYSTEM32\DWrite.dll
[0602/210320.234:ERROR:process_memory_win.cc(73)] ReadMemory at 0x7fffa69e0000 of 64 bytes failed: Only part of a ReadProcessMemory or WriteProcessMemory request was completed. (0x12B)
[0602/210320.234:WARNING:pe_image_reader.cc(340)] could not read dos header from C:\WINDOWS\SYSTEM32\WINSPOOL.DRV
[0602/210320.234:ERROR:process_memory_win.cc(73)] ReadMemory at 0x7fffb42f0000 of 64 bytes failed: Only part of a ReadProcessMemory or WriteProcessMemory request was completed. (0x12B)
[0602/210320.234:WARNING:pe_image_reader.cc(340)] could not read dos header from C:\WINDOWS\System32\kernel.appcore.dll
[0602/210320.234:ERROR:process_memory_win.cc(73)] ReadMemory at 0x7fffb4660000 of 64 bytes failed: Only part of a ReadProcessMemory or WriteProcessMemory request was completed. (0x12B)
[0602/210320.234:WARNING:pe_image_reader.cc(340)] could not read dos header from C:\WINDOWS\System32\bcrypt.dll
[0602/210320.234:ERROR:process_memory_win.cc(73)] ReadMemory at 0x7fff9c680000 of 64 bytes failed: Only part of a ReadProcessMemory or WriteProcessMemory request was completed. (0x12B)
[0602/210320.234:WARNING:pe_image_reader.cc(340)] could not read dos header from C:\WINDOWS\SYSTEM32\dbghelp.dll
[0602/210320.234:ERROR:process_memory_win.cc(73)] ReadMemory at 0x7fffa33a0000 of 64 bytes failed: Only part of a ReadProcessMemory or WriteProcessMemory request was completed. (0x12B)
[0602/210320.234:WARNING:pe_image_reader.cc(340)] could not read dos header from C:\WINDOWS\SYSTEM32\WINHTTP.dll
[0602/210320.234:ERROR:process_memory_win.cc(73)] ReadMemory at 0x7fffab280000 of 64 bytes failed: Only part of a ReadProcessMemory or WriteProcessMemory request was completed. (0x12B)
[0602/210320.234:WARNING:pe_image_reader.cc(340)] could not read dos header from C:\WINDOWS\SYSTEM32\dhcpcsvc.DLL
[0602/210320.234:ERROR:process_memory_win.cc(73)] ReadMemory at 0x7fffb54d0000 of 64 bytes failed: Only part of a ReadProcessMemory or WriteProcessMemory request was completed. (0x12B)
[0602/210320.234:WARNING:pe_image_reader.cc(340)] could not read dos header from C:\WINDOWS\System32\NSI.dll
[0602/210320.234:ERROR:process_memory_win.cc(73)] ReadMemory at 0x7fffb1900000 of 64 bytes failed: Only part of a ReadProcessMemory or WriteProcessMemory request was completed. (0x12B)
[0602/210320.234:WARNING:pe_image_reader.cc(340)] could not read dos header from C:\WINDOWS\SYSTEM32\WINMMBASE.dll
[0602/210320.234:ERROR:process_memory_win.cc(73)] ReadMemory at 0x7fffb5420000 of 64 bytes failed: Only part of a ReadProcessMemory or WriteProcessMemory request was completed. (0x12B)
[0602/210320.234:WARNING:pe_image_reader.cc(340)] could not read dos header from C:\WINDOWS\System32\cfgmgr32.dll
[0602/210320.234:ERROR:process_memory_win.cc(73)] ReadMemory at 0x7fffb09c0000 of 64 bytes failed: Only part of a ReadProcessMemory or WriteProcessMemory request was completed. (0x12B)
[0602/210320.234:WARNING:pe_image_reader.cc(340)] could not read dos header from C:\WINDOWS\SYSTEM32\PROPSYS.dll
[0602/210320.234:ERROR:process_memory_win.cc(73)] ReadMemory at 0x7fffb55e0000 of 64 bytes failed: Only part of a ReadProcessMemory or WriteProcessMemory request was completed. (0x12B)
[0602/210320.234:WARNING:pe_image_reader.cc(340)] could not read dos header from C:\WINDOWS\System32\shcore.dll
[0602/210320.234:ERROR:process_memory_win.cc(73)] ReadMemory at 0x7fffb4200000 of 64 bytes failed: Only part of a ReadProcessMemory or WriteProcessMemory request was completed. (0x12B)
[0602/210320.234:WARNING:pe_image_reader.cc(340)] could not read dos header from C:\WINDOWS\SYSTEM32\SSPICLI.DLL
[0602/210320.234:ERROR:process_memory_win.cc(73)] ReadMemory at 0x7fffb6450000 of 64 bytes failed: Only part of a ReadProcessMemory or WriteProcessMemory request was completed. (0x12B)
[0602/210320.234:WARNING:pe_image_reader.cc(340)] could not read dos header from C:\WINDOWS\System32\SHELL32.dll
[0602/210320.234:ERROR:process_memory_win.cc(73)] ReadMemory at 0x7fffb4690000 of 64 bytes failed: Only part of a ReadProcessMemory or WriteProcessMemory request was completed. (0x12B)
[0602/210320.234:WARNING:pe_image_reader.cc(340)] could not read dos header from C:\WINDOWS\System32\windows.storage.dll
[0602/210320.235:ERROR:process_memory_win.cc(73)] ReadMemory at 0x7fffb4310000 of 64 bytes failed: Only part of a ReadProcessMemory or WriteProcessMemory request was completed. (0x12B)
[0602/210320.235:WARNING:pe_image_reader.cc(340)] could not read dos header from C:\WINDOWS\System32\powrprof.dll
[0602/210320.235:ERROR:process_memory_win.cc(73)] ReadMemory at 0x7fffb42e0000 of 64 bytes failed: Only part of a ReadProcessMemory or WriteProcessMemory request was completed. (0x12B)
[0602/210320.235:WARNING:pe_image_reader.cc(340)] could not read dos header from C:\WINDOWS\System32\UMPDC.dll
[0602/210320.235:ERROR:process_memory_win.cc(73)] ReadMemory at 0x7fffb7380000 of 64 bytes failed: Only part of a ReadProcessMemory or WriteProcessMemory request was completed. (0x12B)
[0602/210320.235:WARNING:pe_image_reader.cc(340)] could not read dos header from C:\WINDOWS\System32\shlwapi.dll
[0602/210320.235:ERROR:process_memory_win.cc(73)] ReadMemory at 0x7fffb54e0000 of 64 bytes failed: Only part of a ReadProcessMemory or WriteProcessMemory request was completed. (0x12B)
[0602/210320.235:WARNING:pe_image_reader.cc(340)] could not read dos header from C:\WINDOWS\System32\GDI32.dll
[0602/210320.235:ERROR:process_memory_win.cc(73)] ReadMemory at 0x7fffb50a0000 of 64 bytes failed: Only part of a ReadProcessMemory or WriteProcessMemory request was completed. (0x12B)
[0602/210320.235:WARNING:pe_image_reader.cc(340)] could not read dos header from C:\WINDOWS\System32\win32u.dll
[0602/210320.235:ERROR:process_memory_win.cc(73)] ReadMemory at 0x7fffb50d0000 of 64 bytes failed: Only part of a ReadProcessMemory or WriteProcessMemory request was completed. (0x12B)
[0602/210320.235:WARNING:pe_image_reader.cc(340)] could not read dos header from C:\WINDOWS\System32\gdi32full.dll
[0602/210320.235:ERROR:process_memory_win.cc(73)] ReadMemory at 0x7fffb5ed0000 of 64 bytes failed: Only part of a ReadProcessMemory or WriteProcessMemory request was completed. (0x12B)
[0602/210320.235:WARNING:pe_image_reader.cc(340)] could not read dos header from C:\WINDOWS\System32\USER32.dll
[0602/210320.235:ERROR:process_memory_win.cc(73)] ReadMemory at 0x7fffb4f30000 of 64 bytes failed: Only part of a ReadProcessMemory or WriteProcessMemory request was completed. (0x12B)
[0602/210320.235:WARNING:pe_image_reader.cc(340)] could not read dos header from C:\WINDOWS\System32\cryptsp.dll
[0602/210320.235:ERROR:process_memory_win.cc(73)] ReadMemory at 0x1e129960000 of 64 bytes failed: Only part of a ReadProcessMemory or WriteProcessMemory request was completed. (0x12B)
[0602/210320.235:WARNING:pe_image_reader.cc(340)] could not read dos header from C:\WINDOWS\System32\IMM32.DLL
[0602/210320.236:ERROR:process_memory_win.cc(73)] ReadMemory at 0x7fffb3d20000 of 64 bytes failed: Only part of a ReadProcessMemory or WriteProcessMemory request was completed. (0x12B)
[0602/210320.236:WARNING:pe_image_reader.cc(340)] could not read dos header from C:\WINDOWS\SYSTEM32\CRYPTBASE.DLL
[0602/210320.236:ERROR:process_memory_win.cc(73)] ReadMemory at 0x7ff71f790000 of 64 bytes failed: Only part of a ReadProcessMemory or WriteProcessMemory request was completed. (0x12B)
[0602/210320.236:WARNING:pe_image_reader.cc(340)] could not read dos header from C:\Program Files (x86)\Google\Chrome\Application\chrome.exe
[0602/210320.236:ERROR:process_memory_win.cc(73)] ReadMemory at 0x7fffb7420000 of 64 bytes failed: Only part of a ReadProcessMemory or WriteProcessMemory request was completed. (0x12B)
[0602/210320.236:WARNING:pe_image_reader.cc(340)] could not read dos header from C:\WINDOWS\SYSTEM32\ntdll.dll
[0602/210320.236:ERROR:process_memory_win.cc(73)] ReadMemory at 0x7fffb6d90000 of 64 bytes failed: Only part of a ReadProcessMemory or WriteProcessMemory request was completed. (0x12B)
[0602/210320.236:WARNING:pe_image_reader.cc(340)] could not read dos header from C:\WINDOWS\System32\KERNEL32.DLL
[0602/210320.236:ERROR:process_memory_win.cc(73)] ReadMemory at 0x7fffb43b0000 of 64 bytes failed: Only part of a ReadProcessMemory or WriteProcessMemory request was completed. (0x12B)
[0602/210320.236:WARNING:pe_image_reader.cc(340)] could not read dos header from C:\WINDOWS\System32\KERNELBASE.dll
[0602/210320.236:ERROR:process_memory_win.cc(73)] ReadMemory at 0x7fff955e0000 of 64 bytes failed: Only part of a ReadProcessMemory or WriteProcessMemory request was completed. (0x12B)
[0602/210320.236:WARNING:pe_image_reader.cc(340)] could not read dos header from C:\Program Files (x86)\Google\Chrome\Application\83.0.4103.61\chrome_elf.dll
[0602/210320.236:ERROR:process_memory_win.cc(73)] ReadMemory at 0x7fffa6b30000 of 64 bytes failed: Only part of a ReadProcessMemory or WriteProcessMemory request was completed. (0x12B)
[0602/210320.236:WARNING:pe_image_reader.cc(340)] could not read dos header from C:\WINDOWS\SYSTEM32\VERSION.dll
[0602/210320.236:ERROR:process_memory_win.cc(73)] ReadMemory at 0x7fffb6280000 of 64 bytes failed: Only part of a ReadProcessMemory or WriteProcessMemory request was completed. (0x12B)
[0602/210320.236:WARNING:pe_image_reader.cc(340)] could not read dos header from C:\WINDOWS\System32\msvcrt.dll
[0602/210320.237:ERROR:process_memory_win.cc(73)] ReadMemory at 0x7fffb4eb0000 of 64 bytes failed: Only part of a ReadProcessMemory or WriteProcessMemory request was completed. (0x12B)
[0602/210320.237:WARNING:pe_image_reader.cc(340)] could not read dos header from C:\WINDOWS\System32\bcryptPrimitives.dll
[0602/210320.237:ERROR:process_memory_win.cc(73)] ReadMemory at 0x7fffb72d0000 of 64 bytes failed: Only part of a ReadProcessMemory or WriteProcessMemory request was completed. (0x12B)
[0602/210320.237:WARNING:pe_image_reader.cc(340)] could not read dos header from C:\WINDOWS\System32\ADVAPI32.dll
[0602/210320.237:ERROR:process_memory_win.cc(73)] ReadMemory at 0x7fffb6b40000 of 64 bytes failed: Only part of a ReadProcessMemory or WriteProcessMemory request was completed. (0x12B)
[0602/210320.237:WARNING:pe_image_reader.cc(340)] could not read dos header from C:\WINDOWS\System32\sechost.dll
[0602/210320.237:ERROR:process_memory_win.cc(73)] ReadMemory at 0x7fffb6160000 of 64 bytes failed: Only part of a ReadProcessMemory or WriteProcessMemory request was completed. (0x12B)
[0602/210320.237:WARNING:pe_image_reader.cc(340)] could not read dos header from C:\WINDOWS\System32\RPCRT4.dll
[0602/210320.237:ERROR:process_memory_win.cc(73)] ReadMemory at 0x7fff2c390000 of 64 bytes failed: Only part of a ReadProcessMemory or WriteProcessMemory request was completed. (0x12B)
[0602/210320.237:WARNING:pe_image_reader.cc(340)] could not read dos header from C:\Program Files (x86)\Google\Chrome\Application\83.0.4103.61\chrome.dll
[0602/210320.237:ERROR:process_memory_win.cc(73)] ReadMemory at 0x7fffb5900000 of 64 bytes failed: Only part of a ReadProcessMemory or WriteProcessMemory request was completed. (0x12B)
[0602/210320.237:WARNING:pe_image_reader.cc(340)] could not read dos header from C:\WINDOWS\System32\WS2_32.dll
[0602/210320.237:ERROR:process_memory_win.cc(73)] ReadMemory at 0x7fffb5510000 of 64 bytes failed: Only part of a ReadProcessMemory or WriteProcessMemory request was completed. (0x12B)
[0602/210320.237:WARNING:pe_image_reader.cc(340)] could not read dos header from C:\WINDOWS\System32\OLEAUT32.dll
[0602/210320.237:ERROR:process_memory_win.cc(73)] ReadMemory at 0x7fffb4e10000 of 64 bytes failed: Only part of a ReadProcessMemory or WriteProcessMemory request was completed. (0x12B)
[0602/210320.237:WARNING:pe_image_reader.cc(340)] could not read dos header from C:\WINDOWS\System32\msvcp_win.dll
[0602/210320.237:ERROR:process_memory_win.cc(73)] ReadMemory at 0x7fffb5320000 of 64 bytes failed: Only part of a ReadProcessMemory or WriteProcessMemory request was completed. (0x12B)
[0602/210320.237:WARNING:pe_image_reader.cc(340)] could not read dos header from C:\WINDOWS\System32\ucrtbase.dll
[0602/210320.237:ERROR:process_memory_win.cc(73)] ReadMemory at 0x7fffb59d0000 of 64 bytes failed: Only part of a ReadProcessMemory or WriteProcessMemory request was completed. (0x12B)
[0602/210320.237:WARNING:pe_image_reader.cc(340)] could not read dos header from C:\WINDOWS\System32\combase.dll
[0602/210320.237:ERROR:process_memory_win.cc(73)] ReadMemory at 0x7fffb5470000 of 64 bytes failed: Only part of a ReadProcessMemory or WriteProcessMemory request was completed. (0x12B)
[0602/210320.237:WARNING:pe_image_reader.cc(340)] could not read dos header from C:\WINDOWS\System32\WINTRUST.dll
[0602/210320.238:ERROR:process_memory_win.cc(73)] ReadMemory at 0x7fffb4360000 of 64 bytes failed: Only part of a ReadProcessMemory or WriteProcessMemory request was completed. (0x12B)
[0602/210320.238:WARNING:pe_image_reader.cc(340)] could not read dos header from C:\WINDOWS\System32\MSASN1.dll
[0602/210320.238:ERROR:process_memory_win.cc(73)] ReadMemory at 0x7fffb4f50000 of 64 bytes failed: Only part of a ReadProcessMemory or WriteProcessMemory request was completed. (0x12B)
[0602/210320.238:WARNING:pe_image_reader.cc(340)] could not read dos header from C:\WINDOWS\System32\CRYPT32.dll
[0602/210320.238:ERROR:process_memory_win.cc(73)] ReadMemory at 0x7fffb3860000 of 64 bytes failed: Only part of a ReadProcessMemory or WriteProcessMemory request was completed. (0x12B)
[0602/210320.238:WARNING:pe_image_reader.cc(340)] could not read dos header from C:\WINDOWS\SYSTEM32\IPHLPAPI.DLL
[0602/210320.238:ERROR:process_memory_win.cc(73)] ReadMemory at 0x7fffb1b10000 of 64 bytes failed: Only part of a ReadProcessMemory or WriteProcessMemory request was completed. (0x12B)
[0602/210320.238:WARNING:pe_image_reader.cc(340)] could not read dos header from C:\WINDOWS\SYSTEM32\WINMM.dll
[0602/210320.238:ERROR:process_memory_win.cc(73)] ReadMemory at 0x7fffa2450000 of 64 bytes failed: Only part of a ReadProcessMemory or WriteProcessMemory request was completed. (0x12B)
[0602/210320.238:WARNING:pe_image_reader.cc(340)] could not read dos header from C:\WINDOWS\SYSTEM32\Secur32.dll
[0602/210320.238:ERROR:process_memory_win.cc(73)] ReadMemory at 0x7fffb41d0000 of 64 bytes failed: Only part of a ReadProcessMemory or WriteProcessMemory request was completed. (0x12B)
[0602/210320.238:WARNING:pe_image_reader.cc(340)] could not read dos header from C:\WINDOWS\SYSTEM32\USERENV.dll
[0602/210320.238:ERROR:process_memory_win.cc(73)] ReadMemory at 0x7fffb4380000 of 64 bytes failed: Only part of a ReadProcessMemory or WriteProcessMemory request was completed. (0x12B)
[0602/210320.238:WARNING:pe_image_reader.cc(340)] could not read dos header from C:\WINDOWS\System32\profapi.dll
[0602/210320.238:ERROR:process_memory_win.cc(73)] ReadMemory at 0x7fff89060000 of 64 bytes failed: Only part of a ReadProcessMemory or WriteProcessMemory request was completed. (0x12B)
[0602/210320.238:WARNING:pe_image_reader.cc(340)] could not read dos header from C:\WINDOWS\SYSTEM32\UIAutomationCore.DLL
[0602/210320.238:ERROR:process_memory_win.cc(73)] ReadMemory at 0x7fffa4100000 of 64 bytes failed: Only part of a ReadProcessMemory or WriteProcessMemory request was completed. (0x12B)
[0602/210320.238:WARNING:pe_image_reader.cc(340)] could not read dos header from C:\WINDOWS\SYSTEM32\DWrite.dll
[0602/210320.238:ERROR:process_memory_win.cc(73)] ReadMemory at 0x7fffa69e0000 of 64 bytes failed: Only part of a ReadProcessMemory or WriteProcessMemory request was completed. (0x12B)
[0602/210320.238:WARNING:pe_image_reader.cc(340)] could not read dos header from C:\WINDOWS\SYSTEM32\WINSPOOL.DRV
[0602/210320.238:ERROR:process_memory_win.cc(73)] ReadMemory at 0x7fffb42f0000 of 64 bytes failed: Only part of a ReadProcessMemory or WriteProcessMemory request was completed. (0x12B)
[0602/210320.238:WARNING:pe_image_reader.cc(340)] could not read dos header from C:\WINDOWS\System32\kernel.appcore.dll
[0602/210320.238:ERROR:process_memory_win.cc(73)] ReadMemory at 0x7fffb4660000 of 64 bytes failed: Only part of a ReadProcessMemory or WriteProcessMemory request was completed. (0x12B)
[0602/210320.239:WARNING:pe_image_reader.cc(340)] could not read dos header from C:\WINDOWS\System32\bcrypt.dll
[0602/210320.239:ERROR:process_memory_win.cc(73)] ReadMemory at 0x7fff9c680000 of 64 bytes failed: Only part of a ReadProcessMemory or WriteProcessMemory request was completed. (0x12B)
[0602/210320.239:WARNING:pe_image_reader.cc(340)] could not read dos header from C:\WINDOWS\SYSTEM32\dbghelp.dll
[0602/210320.239:ERROR:process_memory_win.cc(73)] ReadMemory at 0x7fffa33a0000 of 64 bytes failed: Only part of a ReadProcessMemory or WriteProcessMemory request was completed. (0x12B)
[0602/210320.239:WARNING:pe_image_reader.cc(340)] could not read dos header from C:\WINDOWS\SYSTEM32\WINHTTP.dll
[0602/210320.239:ERROR:process_memory_win.cc(73)] ReadMemory at 0x7fffab280000 of 64 bytes failed: Only part of a ReadProcessMemory or WriteProcessMemory request was completed. (0x12B)
[0602/210320.239:WARNING:pe_image_reader.cc(340)] could not read dos header from C:\WINDOWS\SYSTEM32\dhcpcsvc.DLL
[0602/210320.239:ERROR:process_memory_win.cc(73)] ReadMemory at 0x7fffb54d0000 of 64 bytes failed: Only part of a ReadProcessMemory or WriteProcessMemory request was completed. (0x12B)
[0602/210320.239:WARNING:pe_image_reader.cc(340)] could not read dos header from C:\WINDOWS\System32\NSI.dll
[0602/210320.239:ERROR:process_memory_win.cc(73)] ReadMemory at 0x7fffb1900000 of 64 bytes failed: Only part of a ReadProcessMemory or WriteProcessMemory request was completed. (0x12B)
[0602/210320.239:WARNING:pe_image_reader.cc(340)] could not read dos header from C:\WINDOWS\SYSTEM32\WINMMBASE.dll
[0602/210320.239:ERROR:process_memory_win.cc(73)] ReadMemory at 0x7fffb5420000 of 64 bytes failed: Only part of a ReadProcessMemory or WriteProcessMemory request was completed. (0x12B)
[0602/210320.239:WARNING:pe_image_reader.cc(340)] could not read dos header from C:\WINDOWS\System32\cfgmgr32.dll
[0602/210320.239:ERROR:process_memory_win.cc(73)] ReadMemory at 0x7fffb09c0000 of 64 bytes failed: Only part of a ReadProcessMemory or WriteProcessMemory request was completed. (0x12B)
[0602/210320.239:WARNING:pe_image_reader.cc(340)] could not read dos header from C:\WINDOWS\SYSTEM32\PROPSYS.dll
[0602/210320.239:ERROR:process_memory_win.cc(73)] ReadMemory at 0x7fffb55e0000 of 64 bytes failed: Only part of a ReadProcessMemory or WriteProcessMemory request was completed. (0x12B)
[0602/210320.239:WARNING:pe_image_reader.cc(340)] could not read dos header from C:\WINDOWS\System32\shcore.dll
[0602/210320.239:ERROR:process_memory_win.cc(73)] ReadMemory at 0x7fffb4200000 of 64 bytes failed: Only part of a ReadProcessMemory or WriteProcessMemory request was completed. (0x12B)
[0602/210320.239:WARNING:pe_image_reader.cc(340)] could not read dos header from C:\WINDOWS\SYSTEM32\SSPICLI.DLL
[0602/210320.239:ERROR:process_memory_win.cc(73)] ReadMemory at 0x7fffb6450000 of 64 bytes failed: Only part of a ReadProcessMemory or WriteProcessMemory request was completed. (0x12B)
[0602/210320.239:WARNING:pe_image_reader.cc(340)] could not read dos header from C:\WINDOWS\System32\SHELL32.dll
[0602/210320.239:ERROR:process_memory_win.cc(73)] ReadMemory at 0x7fffb4690000 of 64 bytes failed: Only part of a ReadProcessMemory or WriteProcessMemory request was completed. (0x12B)
[0602/210320.239:WARNING:pe_image_reader.cc(340)] could not read dos header from C:\WINDOWS\System32\windows.storage.dll
[0602/210320.239:ERROR:process_memory_win.cc(73)] ReadMemory at 0x7fffb4310000 of 64 bytes failed: Only part of a ReadProcessMemory or WriteProcessMemory request was completed. (0x12B)
[0602/210320.239:WARNING:pe_image_reader.cc(340)] could not read dos header from C:\WINDOWS\System32\powrprof.dll
[0602/210320.239:ERROR:process_memory_win.cc(73)] ReadMemory at 0x7fffb42e0000 of 64 bytes failed: Only part of a ReadProcessMemory or WriteProcessMemory request was completed. (0x12B)
[0602/210320.239:WARNING:pe_image_reader.cc(340)] could not read dos header from C:\WINDOWS\System32\UMPDC.dll
[0602/210320.239:ERROR:process_memory_win.cc(73)] ReadMemory at 0x7fffb7380000 of 64 bytes failed: Only part of a ReadProcessMemory or WriteProcessMemory request was completed. (0x12B)
[0602/210320.239:WARNING:pe_image_reader.cc(340)] could not read dos header from C:\WINDOWS\System32\shlwapi.dll
[0602/210320.239:ERROR:process_memory_win.cc(73)] ReadMemory at 0x7fffb54e0000 of 64 bytes failed: Only part of a ReadProcessMemory or WriteProcessMemory request was completed. (0x12B)
[0602/210320.239:WARNING:pe_image_reader.cc(340)] could not read dos header from C:\WINDOWS\System32\GDI32.dll
[0602/210320.239:ERROR:process_memory_win.cc(73)] ReadMemory at 0x7fffb50a0000 of 64 bytes failed: Only part of a ReadProcessMemory or WriteProcessMemory request was completed. (0x12B)
[0602/210320.239:WARNING:pe_image_reader.cc(340)] could not read dos header from C:\WINDOWS\System32\win32u.dll
[0602/210320.239:ERROR:process_memory_win.cc(73)] ReadMemory at 0x7fffb50d0000 of 64 bytes failed: Only part of a ReadProcessMemory or WriteProcessMemory request was completed. (0x12B)
[0602/210320.239:WARNING:pe_image_reader.cc(340)] could not read dos header from C:\WINDOWS\System32\gdi32full.dll
[0602/210320.240:ERROR:process_memory_win.cc(73)] ReadMemory at 0x7fffb5ed0000 of 64 bytes failed: Only part of a ReadProcessMemory or WriteProcessMemory request was completed. (0x12B)
[0602/210320.240:WARNING:pe_image_reader.cc(340)] could not read dos header from C:\WINDOWS\System32\USER32.dll
[0602/210320.240:ERROR:process_memory_win.cc(73)] ReadMemory at 0x7fffb4f30000 of 64 bytes failed: Only part of a ReadProcessMemory or WriteProcessMemory request was completed. (0x12B)
[0602/210320.240:WARNING:pe_image_reader.cc(340)] could not read dos header from C:\WINDOWS\System32\cryptsp.dll
[0602/210320.240:ERROR:process_memory_win.cc(73)] ReadMemory at 0x1e129960000 of 64 bytes failed: Only part of a ReadProcessMemory or WriteProcessMemory request was completed. (0x12B)
[0602/210320.240:WARNING:pe_image_reader.cc(340)] could not read dos header from C:\WINDOWS\System32\IMM32.DLL
[0602/210320.240:ERROR:process_memory_win.cc(73)] ReadMemory at 0x7fffb3d20000 of 64 bytes failed: Only part of a ReadProcessMemory or WriteProcessMemory request was completed. (0x12B)
[0602/210320.240:WARNING:pe_image_reader.cc(340)] could not read dos header from C:\WINDOWS\SYSTEM32\CRYPTBASE.DLL
[0602/210320.247:ERROR:process_memory_win.cc(73)] ReadMemory at 0x16d15f6000 of 40960 bytes failed: Only part of a ReadProcessMemory or WriteProcessMemory request was completed. (0x12B)
[0602/210320.247:ERROR:process_memory_win.cc(73)] ReadMemory at 0x16d1dfd000 of 12288 bytes failed: Only part of a ReadProcessMemory or WriteProcessMemory request was completed. (0x12B)
[0602/210320.248:ERROR:process_memory_win.cc(73)] ReadMemory at 0x16d25fa000 of 24576 bytes failed: Only part of a ReadProcessMemory or WriteProcessMemory request was completed. (0x12B)
[0602/210320.248:ERROR:process_memory_win.cc(73)] ReadMemory at 0x16d2dfc000 of 16384 bytes failed: Only part of a ReadProcessMemory or WriteProcessMemory request was completed. (0x12B)
[0602/210320.248:ERROR:process_memory_win.cc(73)] ReadMemory at 0x16d35fb000 of 20480 bytes failed: Only part of a ReadProcessMemory or WriteProcessMemory request was completed. (0x12B)
[0602/210320.248:ERROR:process_memory_win.cc(73)] ReadMemory at 0x16d3dfe000 of 8192 bytes failed: Only part of a ReadProcessMemory or WriteProcessMemory request was completed. (0x12B)
[0602/210320.248:ERROR:process_memory_win.cc(73)] ReadMemory at 0x16d45fd000 of 12288 bytes failed: Only part of a ReadProcessMemory or WriteProcessMemory request was completed. (0x12B)
[0602/210320.248:ERROR:process_memory_win.cc(73)] ReadMemory at 0x16d4dfb000 of 20480 bytes failed: Only part of a ReadProcessMemory or WriteProcessMemory request was completed. (0x12B)
[0602/210320.248:ERROR:process_memory_win.cc(73)] ReadMemory at 0x16d55fd000 of 12288 bytes failed: Only part of a ReadProcessMemory or WriteProcessMemory request was completed. (0x12B)
[0602/210320.248:ERROR:process_memory_win.cc(73)] ReadMemory at 0x16d5dfd000 of 12288 bytes failed: Only part of a ReadProcessMemory or WriteProcessMemory request was completed. (0x12B)
[0602/210320.248:ERROR:process_memory_win.cc(73)] ReadMemory at 0x16d65fc000 of 16384 bytes failed: Only part of a ReadProcessMemory or WriteProcessMemory request was completed. (0x12B)
[0602/210320.248:ERROR:process_memory_win.cc(73)] ReadMemory at 0x16d6df6000 of 40960 bytes failed: Only part of a ReadProcessMemory or WriteProcessMemory request was completed. (0x12B)
[0602/210320.248:ERROR:process_memory_win.cc(73)] ReadMemory at 0x16d75fd000 of 12288 bytes failed: Only part of a ReadProcessMemory or WriteProcessMemory request was completed. (0x12B)
[0602/210320.248:ERROR:process_memory_win.cc(73)] ReadMemory at 0x16d7dfd000 of 12288 bytes failed: Only part of a ReadProcessMemory or WriteProcessMemory request was completed. (0x12B)
[0602/210320.248:ERROR:process_memory_win.cc(73)] ReadMemory at 0x16d85fd000 of 12288 bytes failed: Only part of a ReadProcessMemory or WriteProcessMemory request was completed. (0x12B)
[0602/210320.249:ERROR:process_memory_win.cc(73)] ReadMemory at 0x16d8dfd000 of 12288 bytes failed: Only part of a ReadProcessMemory or WriteProcessMemory request was completed. (0x12B)
[0602/210320.249:ERROR:process_memory_win.cc(73)] ReadMemory at 0x16d0c39000 of 852 bytes failed: Only part of a ReadProcessMemory or WriteProcessMemory request was completed. (0x12B)
[0602/210320.249:ERROR:process_memory_win.cc(73)] ReadMemory at 0x16d0c3a000 of 6024 bytes failed: Only part of a ReadProcessMemory or WriteProcessMemory request was completed. (0x12B)
[0602/210320.249:ERROR:process_memory_win.cc(73)] ReadMemory at 0x16d0c3c000 of 6024 bytes failed: Only part of a ReadProcessMemory or WriteProcessMemory request was completed. (0x12B)
[0602/210320.249:ERROR:process_memory_win.cc(73)] ReadMemory at 0x16d0c3e000 of 6024 bytes failed: Only part of a ReadProcessMemory or WriteProcessMemory request was completed. (0x12B)
[0602/210320.249:ERROR:process_memory_win.cc(73)] ReadMemory at 0x16d0c40000 of 6024 bytes failed: Only part of a ReadProcessMemory or WriteProcessMemory request was completed. (0x12B)
[0602/210320.249:ERROR:process_memory_win.cc(73)] ReadMemory at 0x16d0c42000 of 6024 bytes failed: Only part of a ReadProcessMemory or WriteProcessMemory request was completed. (0x12B)
[0602/210320.249:ERROR:process_memory_win.cc(73)] ReadMemory at 0x16d0c44000 of 6024 bytes failed: Only part of a ReadProcessMemory or WriteProcessMemory request was completed. (0x12B)
[0602/210320.249:ERROR:process_memory_win.cc(73)] ReadMemory at 0x16d0c46000 of 6024 bytes failed: Only part of a ReadProcessMemory or WriteProcessMemory request was completed. (0x12B)
[0602/210320.249:ERROR:process_memory_win.cc(73)] ReadMemory at 0x16d0c48000 of 6024 bytes failed: Only part of a ReadProcessMemory or WriteProcessMemory request was completed. (0x12B)
[0602/210320.249:ERROR:process_memory_win.cc(73)] ReadMemory at 0x16d0c4a000 of 6024 bytes failed: Only part of a ReadProcessMemory or WriteProcessMemory request was completed. (0x12B)
[0602/210320.249:ERROR:process_memory_win.cc(73)] ReadMemory at 0x16d0c4c000 of 6024 bytes failed: Only part of a ReadProcessMemory or WriteProcessMemory request was completed. (0x12B)
[0602/210320.249:ERROR:process_memory_win.cc(73)] ReadMemory at 0x16d0c4e000 of 6024 bytes failed: Only part of a ReadProcessMemory or WriteProcessMemory request was completed. (0x12B)
[0602/210320.249:ERROR:process_memory_win.cc(73)] ReadMemory at 0x16d0c50000 of 6024 bytes failed: Only part of a ReadProcessMemory or WriteProcessMemory request was completed. (0x12B)
[0602/210320.249:ERROR:process_memory_win.cc(73)] ReadMemory at 0x16d0c52000 of 6024 bytes failed: Only part of a ReadProcessMemory or WriteProcessMemory request was completed. (0x12B)
[0602/210320.249:ERROR:process_memory_win.cc(73)] ReadMemory at 0x16d0c54000 of 6024 bytes failed: Only part of a ReadProcessMemory or WriteProcessMemory request was completed. (0x12B)
[0602/210320.249:ERROR:process_memory_win.cc(73)] ReadMemory at 0x16d0c56000 of 6024 bytes failed: Only part of a ReadProcessMemory or WriteProcessMemory request was completed. (0x12B)
[0602/210320.249:ERROR:process_memory_win.cc(73)] ReadMemory at 0x16d0c58000 of 6024 bytes failed: Only part of a ReadProcessMemory or WriteProcessMemory request was completed. (0x12B)
[0602/210320.250:ERROR:process_memory_win.cc(73)] ReadMemory at 0x1e1295d0750 of 80 bytes failed: Only part of a ReadProcessMemory or WriteProcessMemory request was completed. (0x12B)
[0602/210320.250:ERROR:process_memory_win.cc(73)] ReadMemory at 0x1e1295d0fe0 of 10180 bytes failed: Only part of a ReadProcessMemory or WriteProcessMemory request was completed. (0x12B)
[0602/210320.250:ERROR:process_memory_win.cc(73)] ReadMemory at 0x1e1295d37b0 of 1012 bytes failed: Only part of a ReadProcessMemory or WriteProcessMemory request was completed. (0x12B)
[0602/210320.250:ERROR:process_memory_win.cc(73)] ReadMemory at 0x1e1295d3df8 of 118 bytes failed: Only part of a ReadProcessMemory or WriteProcessMemory request was completed. (0x12B)
[0602/210320.250:ERROR:process_memory_win.cc(73)] ReadMemory at 0x1e1295d3e70 of 1260 bytes failed: Only part of a ReadProcessMemory or WriteProcessMemory request was completed. (0x12B)
[0602/210320.250:ERROR:process_memory_win.cc(73)] ReadMemory at 0x1e1295d435e of 118 bytes failed: Only part of a ReadProcessMemory or WriteProcessMemory request was completed. (0x12B)
[0602/210320.250:ERROR:process_memory_win.cc(73)] ReadMemory at 0x1e1295d43d6 of 100 bytes failed: Only part of a ReadProcessMemory or WriteProcessMemory request was completed. (0x12B)
[0602/210320.250:ERROR:process_memory_win.cc(73)] ReadMemory at 0x1e1295d4450 of 58 bytes failed: Only part of a ReadProcessMemory or WriteProcessMemory request was completed. (0x12B)
[0602/210320.250:ERROR:process_memory_win.cc(73)] ReadMemory at 0x1e1295d4550 of 132 bytes failed: Only part of a ReadProcessMemory or WriteProcessMemory request was completed. (0x12B)
[0602/210320.250:ERROR:process_memory_win.cc(73)] ReadMemory at 0x1e1295d46e0 of 132 bytes failed: Only part of a ReadProcessMemory or WriteProcessMemory request was completed. (0x12B)
[0602/210320.250:ERROR:process_memory_win.cc(73)] ReadMemory at 0x1e1295d48a0 of 124 bytes failed: Only part of a ReadProcessMemory or WriteProcessMemory request was completed. (0x12B)
[0602/210320.250:ERROR:process_memory_win.cc(73)] ReadMemory at 0x1e1295d4c80 of 132 bytes failed: Only part of a ReadProcessMemory or WriteProcessMemory request was completed. (0x12B)
[0602/210320.250:ERROR:process_memory_win.cc(73)] ReadMemory at 0x1e1295d4e10 of 64 bytes failed: Only part of a ReadProcessMemory or WriteProcessMemory request was completed. (0x12B)
[0602/210320.250:ERROR:process_memory_win.cc(73)] ReadMemory at 0x1e1295d4fd0 of 132 bytes failed: Only part of a ReadProcessMemory or WriteProcessMemory request was completed. (0x12B)
[0602/210320.250:ERROR:process_memory_win.cc(73)] ReadMemory at 0x1e1295d5270 of 132 bytes failed: Only part of a ReadProcessMemory or WriteProcessMemory request was completed. (0x12B)
[0602/210320.250:ERROR:process_memory_win.cc(73)] ReadMemory at 0x1e1295d5400 of 68 bytes failed: Only part of a ReadProcessMemory or WriteProcessMemory request was completed. (0x12B)
[0602/210320.250:ERROR:process_memory_win.cc(73)] ReadMemory at 0x1e1295d65c0 of 132 bytes failed: Only part of a ReadProcessMemory or WriteProcessMemory request was completed. (0x12B)
[0602/210320.251:ERROR:process_memory_win.cc(73)] ReadMemory at 0x1e1295d6750 of 152 bytes failed: Only part of a ReadProcessMemory or WriteProcessMemory request was completed. (0x12B)
[0602/210320.251:ERROR:process_memory_win.cc(73)] ReadMemory at 0x1e1295d7370 of 526 bytes failed: Only part of a ReadProcessMemory or WriteProcessMemory request was completed. (0x12B)
[0602/210320.251:ERROR:process_memory_win.cc(73)] ReadMemory at 0x1e1295d7590 of 132 bytes failed: Only part of a ReadProcessMemory or WriteProcessMemory request was completed. (0x12B)
[0602/210320.251:ERROR:process_memory_win.cc(73)] ReadMemory at 0x1e1295d7730 of 132 bytes failed: Only part of a ReadProcessMemory or WriteProcessMemory request was completed. (0x12B)
[0602/210320.251:ERROR:process_memory_win.cc(73)] ReadMemory at 0x1e1295d7860 of 60 bytes failed: Only part of a ReadProcessMemory or WriteProcessMemory request was completed. (0x12B)
[0602/210320.251:ERROR:process_memory_win.cc(73)] ReadMemory at 0x1e1295d8930 of 144 bytes failed: Only part of a ReadProcessMemory or WriteProcessMemory request was completed. (0x12B)
[0602/210320.251:ERROR:process_memory_win.cc(73)] ReadMemory at 0x1e1295daa10 of 132 bytes failed: Only part of a ReadProcessMemory or WriteProcessMemory request was completed. (0x12B)
[0602/210320.251:ERROR:process_memory_win.cc(73)] ReadMemory at 0x1e1295dac40 of 132 bytes failed: Only part of a ReadProcessMemory or WriteProcessMemory request was completed. (0x12B)
[0602/210320.251:ERROR:process_memory_win.cc(73)] ReadMemory at 0x1e1295ddbe0 of 64 bytes failed: Only part of a ReadProcessMemory or WriteProcessMemory request was completed. (0x12B)
[0602/210320.251:ERROR:process_memory_win.cc(73)] ReadMemory at 0x1e1295ddc30 of 64 bytes failed: Only part of a ReadProcessMemory or WriteProcessMemory request was completed. (0x12B)
[0602/210320.251:ERROR:process_memory_win.cc(73)] ReadMemory at 0x1e1295ddc80 of 62 bytes failed: Only part of a ReadProcessMemory or WriteProcessMemory request was completed. (0x12B)
[0602/210320.251:ERROR:process_memory_win.cc(73)] ReadMemory at 0x1e1295ddcd0 of 64 bytes failed: Only part of a ReadProcessMemory or WriteProcessMemory request was completed. (0x12B)
[0602/210320.251:ERROR:process_memory_win.cc(73)] ReadMemory at 0x1e1295ddd20 of 60 bytes failed: Only part of a ReadProcessMemory or WriteProcessMemory request was completed. (0x12B)
[0602/210320.251:ERROR:process_memory_win.cc(73)] ReadMemory at 0x1e1295ddd70 of 66 bytes failed: Only part of a ReadProcessMemory or WriteProcessMemory request was completed. (0x12B)
[0602/210320.251:ERROR:process_memory_win.cc(73)] ReadMemory at 0x1e1295dddc0 of 64 bytes failed: Only part of a ReadProcessMemory or WriteProcessMemory request was completed. (0x12B)
[0602/210320.252:ERROR:process_memory_win.cc(73)] ReadMemory at 0x1e1295ddf50 of 60 bytes failed: Only part of a ReadProcessMemory or WriteProcessMemory request was completed. (0x12B)
[0602/210320.252:ERROR:process_memory_win.cc(73)] ReadMemory at 0x1e1295ddff0 of 62 bytes failed: Only part of a ReadProcessMemory or WriteProcessMemory request was completed. (0x12B)
[0602/210320.252:ERROR:process_memory_win.cc(73)] ReadMemory at 0x1e1295df1b0 of 76 bytes failed: Only part of a ReadProcessMemory or WriteProcessMemory request was completed. (0x12B)
[0602/210320.252:ERROR:process_memory_win.cc(73)] ReadMemory at 0x1e1295df3f0 of 78 bytes failed: Only part of a ReadProcessMemory or WriteProcessMemory request was completed. (0x12B)
[0602/210320.252:ERROR:process_memory_win.cc(73)] ReadMemory at 0x1e1295df450 of 80 bytes failed: Only part of a ReadProcessMemory or WriteProcessMemory request was completed. (0x12B)
[0602/210320.252:ERROR:process_memory_win.cc(73)] ReadMemory at 0x1e1295dfba0 of 60 bytes failed: Only part of a ReadProcessMemory or WriteProcessMemory request was completed. (0x12B)
[0602/210320.252:ERROR:process_memory_win.cc(73)] ReadMemory at 0x1e1295dfbf0 of 62 bytes failed: Only part of a ReadProcessMemory or WriteProcessMemory request was completed. (0x12B)
[0602/210320.252:ERROR:process_memory_win.cc(73)] ReadMemory at 0x1e1295dfc40 of 62 bytes failed: Only part of a ReadProcessMemory or WriteProcessMemory request was completed. (0x12B)
[0602/210320.252:ERROR:process_memory_win.cc(73)] ReadMemory at 0x1e1295dfce0 of 58 bytes failed: Only part of a ReadProcessMemory or WriteProcessMemory request was completed. (0x12B)
[0602/210320.252:ERROR:process_memory_win.cc(73)] ReadMemory at 0x1e1295dfdd0 of 62 bytes failed: Only part of a ReadProcessMemory or WriteProcessMemory request was completed. (0x12B)
[0602/210320.252:ERROR:process_memory_win.cc(73)] ReadMemory at 0x1e1295dfe20 of 62 bytes failed: Only part of a ReadProcessMemory or WriteProcessMemory request was completed. (0x12B)
[0602/210320.252:ERROR:process_memory_win.cc(73)] ReadMemory at 0x1e1295dff60 of 66 bytes failed: Only part of a ReadProcessMemory or WriteProcessMemory request was completed. (0x12B)
[0602/210320.252:ERROR:process_memory_win.cc(73)] ReadMemory at 0x1e1295e00f0 of 60 bytes failed: Only part of a ReadProcessMemory or WriteProcessMemory request was completed. (0x12B)
[0602/210320.252:ERROR:process_memory_win.cc(73)] ReadMemory at 0x1e1295e01e0 of 60 bytes failed: Only part of a ReadProcessMemory or WriteProcessMemory request was completed. (0x12B)
[0602/210320.252:ERROR:process_memory_win.cc(73)] ReadMemory at 0x1e1295e0230 of 62 bytes failed: Only part of a ReadProcessMemory or WriteProcessMemory request was completed. (0x12B)
[0602/210320.252:ERROR:process_memory_win.cc(73)] ReadMemory at 0x1e1295e0370 of 64 bytes failed: Only part of a ReadProcessMemory or WriteProcessMemory request was completed. (0x12B)
[0602/210320.252:ERROR:process_memory_win.cc(73)] ReadMemory at 0x1e1295e0460 of 64 bytes failed: Only part of a ReadProcessMemory or WriteProcessMemory request was completed. (0x12B)
[0602/210320.252:ERROR:process_memory_win.cc(73)] ReadMemory at 0x1e1295e04b0 of 60 bytes failed: Only part of a ReadProcessMemory or WriteProcessMemory request was completed. (0x12B)
[0602/210320.252:ERROR:process_memory_win.cc(73)] ReadMemory at 0x1e1295e05a0 of 62 bytes failed: Only part of a ReadProcessMemory or WriteProcessMemory request was completed. (0x12B)
[0602/210320.253:ERROR:process_memory_win.cc(73)] ReadMemory at 0x1e1295e05f0 of 64 bytes failed: Only part of a ReadProcessMemory or WriteProcessMemory request was completed. (0x12B)
[0602/210320.253:ERROR:process_memory_win.cc(73)] ReadMemory at 0x1e1295e06e0 of 62 bytes failed: Only part of a ReadProcessMemory or WriteProcessMemory request was completed. (0x12B)
[0602/210320.253:ERROR:process_memory_win.cc(73)] ReadMemory at 0x1e1295e0730 of 64 bytes failed: Only part of a ReadProcessMemory or WriteProcessMemory request was completed. (0x12B)
[0602/210320.253:ERROR:process_memory_win.cc(73)] ReadMemory at 0x1e1295e08c0 of 62 bytes failed: Only part of a ReadProcessMemory or WriteProcessMemory request was completed. (0x12B)
[0602/210320.253:ERROR:process_memory_win.cc(73)] ReadMemory at 0x1e1295e14c0 of 132 bytes failed: Only part of a ReadProcessMemory or WriteProcessMemory request was completed. (0x12B)
[0602/210320.253:ERROR:process_memory_win.cc(73)] ReadMemory at 0x1e1295e1b00 of 54 bytes failed: Only part of a ReadProcessMemory or WriteProcessMemory request was completed. (0x12B)
[0602/210320.253:ERROR:process_memory_win.cc(73)] ReadMemory at 0x1e1295e3ef0 of 132 bytes failed: Only part of a ReadProcessMemory or WriteProcessMemory request was completed. (0x12B)
[0602/210320.253:ERROR:process_memory_win.cc(73)] ReadMemory at 0x1e1295e4110 of 132 bytes failed: Only part of a ReadProcessMemory or WriteProcessMemory request was completed. (0x12B)
[0602/210320.253:ERROR:process_memory_win.cc(73)] ReadMemory at 0x1e1295e5910 of 132 bytes failed: Only part of a ReadProcessMemory or WriteProcessMemory request was completed. (0x12B)
[0602/210320.253:ERROR:process_memory_win.cc(73)] ReadMemory at 0x1e1295e7770 of 132 bytes failed: Only part of a ReadProcessMemory or WriteProcessMemory request was completed. (0x12B)
[0602/210320.253:ERROR:process_memory_win.cc(73)] ReadMemory at 0x1e1295e7ad0 of 132 bytes failed: Only part of a ReadProcessMemory or WriteProcessMemory request was completed. (0x12B)
[0602/210320.253:ERROR:process_memory_win.cc(73)] ReadMemory at 0x1e1295e7ce0 of 132 bytes failed: Only part of a ReadProcessMemory or WriteProcessMemory request was completed. (0x12B)
[0602/210320.253:ERROR:process_memory_win.cc(73)] ReadMemory at 0x1e1295e8010 of 132 bytes failed: Only part of a ReadProcessMemory or WriteProcessMemory request was completed. (0x12B)
[0602/210320.253:ERROR:process_memory_win.cc(73)] ReadMemory at 0x1e1295e8140 of 132 bytes failed: Only part of a ReadProcessMemory or WriteProcessMemory request was completed. (0x12B)
[0602/210320.253:ERROR:process_memory_win.cc(73)] ReadMemory at 0x1e1295e8270 of 132 bytes failed: Only part of a ReadProcessMemory or WriteProcessMemory request was completed. (0x12B)
[0602/210320.253:ERROR:process_memory_win.cc(73)] ReadMemory at 0x1e1295e83a0 of 132 bytes failed: Only part of a ReadProcessMemory or WriteProcessMemory request was completed. (0x12B)
[0602/210320.253:ERROR:process_memory_win.cc(73)] ReadMemory at 0x1e1295e84d0 of 132 bytes failed: Only part of a ReadProcessMemory or WriteProcessMemory request was completed. (0x12B)
[0602/210320.253:ERROR:process_memory_win.cc(73)] ReadMemory at 0x1e1295e8600 of 132 bytes failed: Only part of a ReadProcessMemory or WriteProcessMemory request was completed. (0x12B)
[0602/210320.253:ERROR:process_memory_win.cc(73)] ReadMemory at 0x1e1295e8730 of 132 bytes failed: Only part of a ReadProcessMemory or WriteProcessMemory request was completed. (0x12B)
[0602/210320.253:ERROR:process_memory_win.cc(73)] ReadMemory at 0x1e1295e8860 of 132 bytes failed: Only part of a ReadProcessMemory or WriteProcessMemory request was completed. (0x12B)
[0602/210320.254:ERROR:process_memory_win.cc(73)] ReadMemory at 0x1e1295e8990 of 132 bytes failed: Only part of a ReadProcessMemory or WriteProcessMemory request was completed. (0x12B)
[0602/210320.254:ERROR:process_memory_win.cc(73)] ReadMemory at 0x1e1295e8ac0 of 132 bytes failed: Only part of a ReadProcessMemory or WriteProcessMemory request was completed. (0x12B)
[0602/210320.254:ERROR:process_memory_win.cc(73)] ReadMemory at 0x1e1295e8bf0 of 132 bytes failed: Only part of a ReadProcessMemory or WriteProcessMemory request was completed. (0x12B)
[0602/210320.254:ERROR:process_memory_win.cc(73)] ReadMemory at 0x1e1295e8d20 of 132 bytes failed: Only part of a ReadProcessMemory or WriteProcessMemory request was completed. (0x12B)
[0602/210320.254:ERROR:process_memory_win.cc(73)] ReadMemory at 0x1e1295e94a0 of 132 bytes failed: Only part of a ReadProcessMemory or WriteProcessMemory request was completed. (0x12B)
[0602/210320.254:ERROR:process_memory_win.cc(73)] ReadMemory at 0x1e1295e95d0 of 132 bytes failed: Only part of a ReadProcessMemory or WriteProcessMemory request was completed. (0x12B)
[0602/210320.254:ERROR:process_memory_win.cc(73)] ReadMemory at 0x1e1295e9700 of 132 bytes failed: Only part of a ReadProcessMemory or WriteProcessMemory request was completed. (0x12B)
[0602/210320.254:ERROR:process_memory_win.cc(73)] ReadMemory at 0x1e1295e9960 of 132 bytes failed: Only part of a ReadProcessMemory or WriteProcessMemory request was completed. (0x12B)
[0602/210320.254:ERROR:process_memory_win.cc(73)] ReadMemory at 0x1e1295e9a90 of 132 bytes failed: Only part of a ReadProcessMemory or WriteProcessMemory request was completed. (0x12B)
[0602/210320.254:ERROR:process_memory_win.cc(73)] ReadMemory at 0x1e1295e9bc0 of 132 bytes failed: Only part of a ReadProcessMemory or WriteProcessMemory request was completed. (0x12B)
[0602/210320.254:ERROR:process_memory_win.cc(73)] ReadMemory at 0x1e1295e9cf0 of 132 bytes failed: Only part of a ReadProcessMemory or WriteProcessMemory request was completed. (0x12B)
[0602/210320.254:ERROR:process_memory_win.cc(73)] ReadMemory at 0x1e1295e9e20 of 132 bytes failed: Only part of a ReadProcessMemory or WriteProcessMemory request was completed. (0x12B)
[0602/210320.254:ERROR:process_memory_win.cc(73)] ReadMemory at 0x1e1295e9f50 of 132 bytes failed: Only part of a ReadProcessMemory or WriteProcessMemory request was completed. (0x12B)
[0602/210320.254:ERROR:process_memory_win.cc(73)] ReadMemory at 0x1e1295ea080 of 132 bytes failed: Only part of a ReadProcessMemory or WriteProcessMemory request was completed. (0x12B)
[0602/210320.254:ERROR:process_memory_win.cc(73)] ReadMemory at 0x1e1295ea2e0 of 132 bytes failed: Only part of a ReadProcessMemory or WriteProcessMemory request was completed. (0x12B)
[0602/210320.254:ERROR:process_memory_win.cc(73)] ReadMemory at 0x1e1295ea670 of 132 bytes failed: Only part of a ReadProcessMemory or WriteProcessMemory request was completed. (0x12B)
[0602/210320.254:ERROR:process_memory_win.cc(73)] ReadMemory at 0x1e1295ea7a0 of 132 bytes failed: Only part of a ReadProcessMemory or WriteProcessMemory request was completed. (0x12B)
[0602/210320.254:ERROR:process_memory_win.cc(73)] ReadMemory at 0x1e1295ea8d0 of 132 bytes failed: Only part of a ReadProcessMemory or WriteProcessMemory request was completed. (0x12B)
[0602/210320.254:ERROR:process_memory_win.cc(73)] ReadMemory at 0x1e1295eaa00 of 132 bytes failed: Only part of a ReadProcessMemory or WriteProcessMemory request was completed. (0x12B)
[0602/210320.255:ERROR:process_memory_win.cc(73)] ReadMemory at 0x1e1295eab30 of 132 bytes failed: Only part of a ReadProcessMemory or WriteProcessMemory request was completed. (0x12B)
[0602/210320.255:ERROR:process_memory_win.cc(73)] ReadMemory at 0x1e1295eac60 of 132 bytes failed: Only part of a ReadProcessMemory or WriteProcessMemory request was completed. (0x12B)
[0602/210320.255:ERROR:process_memory_win.cc(73)] ReadMemory at 0x1e1295ead90 of 132 bytes failed: Only part of a ReadProcessMemory or WriteProcessMemory request was completed. (0x12B)
[0602/210320.255:ERROR:process_memory_win.cc(73)] ReadMemory at 0x1e1295eaff0 of 132 bytes failed: Only part of a ReadProcessMemory or WriteProcessMemory request was completed. (0x12B)
[0602/210320.255:ERROR:process_memory_win.cc(73)] ReadMemory at 0x1e1295eb120 of 132 bytes failed: Only part of a ReadProcessMemory or WriteProcessMemory request was completed. (0x12B)
[0602/210320.255:ERROR:process_memory_win.cc(73)] ReadMemory at 0x1e1295eb250 of 132 bytes failed: Only part of a ReadProcessMemory or WriteProcessMemory request was completed. (0x12B)
[0602/210320.255:ERROR:process_memory_win.cc(73)] ReadMemory at 0x1e1295fe9e0 of 66 bytes failed: Only part of a ReadProcessMemory or WriteProcessMemory request was completed. (0x12B)
[0602/210320.255:ERROR:process_memory_win.cc(73)] ReadMemory at 0x1e1295feb20 of 60 bytes failed: Only part of a ReadProcessMemory or WriteProcessMemory request was completed. (0x12B)
[0602/210320.255:ERROR:process_memory_win.cc(73)] ReadMemory at 0x1e1295feda0 of 58 bytes failed: Only part of a ReadProcessMemory or WriteProcessMemory request was completed. (0x12B)
[0602/210320.255:ERROR:process_memory_win.cc(73)] ReadMemory at 0x1e1295fedf0 of 58 bytes failed: Only part of a ReadProcessMemory or WriteProcessMemory request was completed. (0x12B)
[0602/210320.255:ERROR:process_memory_win.cc(73)] ReadMemory at 0x1e1295fee90 of 62 bytes failed: Only part of a ReadProcessMemory or WriteProcessMemory request was completed. (0x12B)
[0602/210320.255:ERROR:process_memory_win.cc(73)] ReadMemory at 0x1e1295ff070 of 64 bytes failed: Only part of a ReadProcessMemory or WriteProcessMemory request was completed. (0x12B)
[0602/210320.255:ERROR:process_memory_win.cc(73)] ReadMemory at 0x1e1295ff0c0 of 62 bytes failed: Only part of a ReadProcessMemory or WriteProcessMemory request was completed. (0x12B)
[0602/210320.255:ERROR:process_memory_win.cc(73)] ReadMemory at 0x1e1295ff200 of 62 bytes failed: Only part of a ReadProcessMemory or WriteProcessMemory request was completed. (0x12B)
[0602/210320.255:ERROR:process_memory_win.cc(73)] ReadMemory at 0x1e1295ff340 of 58 bytes failed: Only part of a ReadProcessMemory or WriteProcessMemory request was completed. (0x12B)
[0602/210320.255:ERROR:process_memory_win.cc(73)] ReadMemory at 0x1e1295ff390 of 60 bytes failed: Only part of a ReadProcessMemory or WriteProcessMemory request was completed. (0x12B)
[0602/210320.256:ERROR:process_memory_win.cc(73)] ReadMemory at 0x1e129604910 of 512 bytes failed: Only part of a ReadProcessMemory or WriteProcessMemory request was completed. (0x12B)
[0602/210320.256:ERROR:process_memory_win.cc(73)] ReadMemory at 0x1e12960aba0 of 512 bytes failed: Only part of a ReadProcessMemory or WriteProcessMemory request was completed. (0x12B)
[0602/210320.256:ERROR:process_memory_win.cc(73)] ReadMemory at 0x1e129890f40 of 512 bytes failed: Only part of a ReadProcessMemory or WriteProcessMemory request was completed. (0x12B)
[0602/210320.256:ERROR:process_memory_win.cc(73)] ReadMemory at 0x1e129892a40 of 512 bytes failed: Only part of a ReadProcessMemory or WriteProcessMemory request was completed. (0x12B)
[0602/210320.256:ERROR:process_memory_win.cc(73)] ReadMemory at 0x1e129d53758 of 512 bytes failed: Only part of a ReadProcessMemory or WriteProcessMemory request was completed. (0x12B)
[0602/210320.256:ERROR:process_memory_win.cc(73)] ReadMemory at 0x1e129d5cf10 of 512 bytes failed: Only part of a ReadProcessMemory or WriteProcessMemory request was completed. (0x12B)
[0602/210320.256:ERROR:process_memory_win.cc(73)] ReadMemory at 0x1e129d60980 of 712 bytes failed: Only part of a ReadProcessMemory or WriteProcessMemory request was completed. (0x12B)
[0602/210320.256:ERROR:process_memory_win.cc(73)] ReadMemory at 0x1e129d653d0 of 512 bytes failed: Only part of a ReadProcessMemory or WriteProcessMemory request was completed. (0x12B)
[0602/210320.256:ERROR:process_memory_win.cc(73)] ReadMemory at 0x1e129d95af0 of 512 bytes failed: Only part of a ReadProcessMemory or WriteProcessMemory request was completed. (0x12B)
[0602/210320.256:ERROR:process_memory_win.cc(73)] ReadMemory at 0x1e129dc8268 of 512 bytes failed: Only part of a ReadProcessMemory or WriteProcessMemory request was completed. (0x12B)
[0602/210320.256:ERROR:process_memory_win.cc(73)] ReadMemory at 0x1e129dd1fa0 of 512 bytes failed: Only part of a ReadProcessMemory or WriteProcessMemory request was completed. (0x12B)
[0602/210320.256:ERROR:process_memory_win.cc(73)] ReadMemory at 0x1e129dd26f0 of 512 bytes failed: Only part of a ReadProcessMemory or WriteProcessMemory request was completed. (0x12B)
[0602/210320.256:ERROR:process_memory_win.cc(73)] ReadMemory at 0x1e129dd8410 of 512 bytes failed: Only part of a ReadProcessMemory or WriteProcessMemory request was completed. (0x12B)
[0602/210320.257:ERROR:process_memory_win.cc(73)] ReadMemory at 0x1e129df7a80 of 512 bytes failed: Only part of a ReadProcessMemory or WriteProcessMemory request was completed. (0x12B)
[0602/210320.257:ERROR:process_memory_win.cc(73)] ReadMemory at 0x1e129df98a0 of 512 bytes failed: Only part of a ReadProcessMemory or WriteProcessMemory request was completed. (0x12B)
[0602/210320.257:ERROR:process_memory_win.cc(73)] ReadMemory at 0x1e129e05a60 of 512 bytes failed: Only part of a ReadProcessMemory or WriteProcessMemory request was completed. (0x12B)
[0602/210320.257:ERROR:process_memory_win.cc(73)] ReadMemory at 0x1e12b6b9610 of 512 bytes failed: Only part of a ReadProcessMemory or WriteProcessMemory request was completed. (0x12B)
[0602/210320.257:ERROR:process_memory_win.cc(73)] ReadMemory at 0x1e12bc2ff80 of 512 bytes failed: Only part of a ReadProcessMemory or WriteProcessMemory request was completed. (0x12B)
[0602/210320.257:ERROR:process_memory_win.cc(73)] ReadMemory at 0x1e12bc83f80 of 512 bytes failed: Only part of a ReadProcessMemory or WriteProcessMemory request was completed. (0x12B)
[0602/210320.257:ERROR:process_memory_win.cc(73)] ReadMemory at 0x1e12bcc6bd0 of 512 bytes failed: Only part of a ReadProcessMemory or WriteProcessMemory request was completed. (0x12B)
[0602/210320.257:ERROR:process_memory_win.cc(73)] ReadMemory at 0x1e12bd08eb0 of 512 bytes failed: Only part of a ReadProcessMemory or WriteProcessMemory request was completed. (0x12B)
[0602/210320.257:ERROR:process_memory_win.cc(73)] ReadMemory at 0x7fff2eb1806c of 512 bytes failed: Only part of a ReadProcessMemory or WriteProcessMemory request was completed. (0x12B)
[0602/210320.257:ERROR:process_memory_win.cc(73)] ReadMemory at 0x7fffb43ea719 of 512 bytes failed: Only part of a ReadProcessMemory or WriteProcessMemory request was completed. (0x12B)
[0602/210320.257:ERROR:process_memory_win.cc(73)] ReadMemory at 0x7fffb461c6e0 of 512 bytes failed: Only part of a ReadProcessMemory or WriteProcessMemory request was completed. (0x12B)
[0602/210320.257:ERROR:process_memory_win.cc(73)] ReadMemory at 0x7fffb74bc074 of 672 bytes failed: Only part of a ReadProcessMemory or WriteProcessMemory request was completed. (0x12B)
[0602/210320.257:ERROR:process_memory_win.cc(73)] ReadMemory at 0x7fffb74bc674 of 512 bytes failed: Only part of a ReadProcessMemory or WriteProcessMemory request was completed. (0x12B)
[0602/210320.257:ERROR:process_memory_win.cc(73)] ReadMemory at 0x7fffb74bf924 of 608 bytes failed: Only part of a ReadProcessMemory or WriteProcessMemory request was completed. (0x12B)
[0602/210320.257:ERROR:process_memory_win.cc(73)] ReadMemory at 0x7fffb754c428 of 18 bytes failed: Only part of a ReadProcessMemory or WriteProcessMemory request was completed. (0x12B)
[0602/210320.257:ERROR:process_memory_win.cc(73)] ReadMemory at 0x7fffb757f4f8 of 40 bytes failed: Only part of a ReadProcessMemory or WriteProcessMemory request was completed. (0x12B)
[0602/210320.258:ERROR:process_memory_win.cc(73)] ReadMemory at 0x7fffb757f978 of 48 bytes failed: Only part of a ReadProcessMemory or WriteProcessMemory request was completed. (0x12B)
[0602/210320.258:ERROR:process_memory_win.cc(73)] ReadMemory at 0x7fffb75853c0 of 64 bytes failed: Only part of a ReadProcessMemory or WriteProcessMemory request was completed. (0x12B)
[0602/210320.259:ERROR:scoped_process_suspend.cc(40)] NtResumeProcess: An attempt was made to access an exiting process. (0xc000010a)
